\BOOKMARK [0][-]{chapter.1}{\376\377\000T\000e\000o\000r\000e\000t\000i\000c\000k\000\341\000\040\001\015\000\341\000s\000t}{}% 1
\BOOKMARK [1][-]{section.1.1}{\376\377\000F\000u\000n\000k\000c\000e\000\040\000p\000r\000o\000\040\000u\001\176\000i\000v\000a\000t\000e\000l\000e}{chapter.1}% 2
\BOOKMARK [2][-]{subsection.1.1.1}{\376\377\000F\000u\000n\000k\000c\000e\000\040\000p\000r\000o\000\040\000u\001\015\000i\000t\000e\000l\000e}{section.1.1}% 3
\BOOKMARK [2][-]{subsection.1.1.2}{\376\377\000F\000u\000n\000k\000c\000e\000\040\000p\000r\000o\000\040\000s\000t\000u\000d\000e\000n\000t\000y}{section.1.1}% 4
\BOOKMARK [0][-]{chapter.2}{\376\377\000F\000r\000o\000n\000t\000E\000n\000d}{}% 5
\BOOKMARK [1][-]{section.2.1}{\376\377\000I\000m\000p\000l\000e\000m\000e\000n\000t\000a\000c\000e\000\040\000f\000r\000o\000n\000t\000e\000n\000d\000u\000\040\000w\000e\000b\000o\000v\000\351\000\040\000a\000p\000l\000i\000k\000a\000c\000e}{chapter.2}% 6
\BOOKMARK [1][-]{section.2.2}{\376\377\000H\000T\000M\000L}{chapter.2}% 7
\BOOKMARK [1][-]{section.2.3}{\376\377\000B\000o\000o\000t\000s\000t\000r\000a\000p}{chapter.2}% 8
\BOOKMARK [1][-]{section.2.4}{\376\377\000J\000i\000n\000j\000a}{chapter.2}% 9
\BOOKMARK [0][-]{chapter.3}{\376\377\000B\000a\000c\000k\000E\000n\000d}{}% 10
\BOOKMARK [1][-]{section.3.1}{\376\377\000F\000r\000a\000m\000e\000w\000o\000r\000k\000\040\000P\000y\000t\000h\000o\000n\000\040\000F\000l\000a\000s\000k}{chapter.3}% 11
\BOOKMARK [1][-]{section.3.2}{\376\377\000M\000y\000S\000Q\000L}{chapter.3}% 12
\BOOKMARK [1][-]{section.3.3}{\376\377\000I\000m\000p\000l\000e\000m\000e\000n\000t\000a\000c\000e\000\040\000d\000a\000t\000a\000b\000\341\000z\000e}{chapter.3}% 13
\BOOKMARK [1][-]{section.3.4}{\376\377\000A\000u\000t\000e\000n\000t\000i\000z\000a\000c\000e}{chapter.3}% 14
\BOOKMARK [1][-]{section.3.5}{\376\377\000T\000a\000b\000u\000l\000k\000y}{chapter.3}% 15
\BOOKMARK [2][-]{subsection.3.5.1}{\376\377\000N\000e\000z\000\341\000v\000i\000s\000l\000\351\000:}{section.3.5}% 16
\BOOKMARK [2][-]{subsection.3.5.2}{\376\377\000D\000a\000t\000a\000\040\000z\000p\001\033\000t\000n\000\351\000\040\000v\000a\000z\000b\000y\000:}{section.3.5}% 17
\BOOKMARK [2][-]{subsection.3.5.3}{\376\377\000R\000e\000l\000a\000c\000e\000:}{section.3.5}% 18
\BOOKMARK [0][-]{chapter*.12}{\376\377\000Z\000\341\000v\001\033\000r}{}% 19
\BOOKMARK [0][-]{chapter.4}{\376\377\000C\000i\000t\000a\000c\000e}{}% 20
\BOOKMARK [1][-]{section.4.1}{}{chapter.4}% 21
\BOOKMARK [1][-]{section.4.2}{}{chapter.4}% 22
\BOOKMARK [1][-]{section.4.3}{}{chapter.4}% 23
\BOOKMARK [1][-]{section.4.4}{}{chapter.4}% 24
\BOOKMARK [0][-]{section.4.4}{\376\377\000S\000e\000z\000n\000a\000m\000\040\000o\000b\000r\000\341\000z\000k\001\157}{}% 25
\BOOKMARK [0][-]{section.4.4}{\376\377\000S\000e\000z\000n\000a\000m\000\040\000t\000a\000b\000u\000l\000e\000k}{}% 26
